; ============= The header:
; LC n           Library count
; LD name file   Library read from disk
; LM name file   Library not read from disk
; WO n           Window offset currently 'n'
; WT n           Window count
; WC n x y w h   Component window, index 'n' at (x,y), size (wXh)
; WE n x y w h   Edit window, index 'n' at (x,y), size (wXh)
; WP n           Window has 'n' partitions
; WB lx hx ly hy slx shx sly shy state cell loc    Window partition (background)
; WF lx hx ly hy slx shx sly shy state cell loc    Window partition (foreground)
; CI n           Current window index
; CT tech        Current technology
LC 1
LM noname noname
WO 1
WT 2
WE 1 108 4294967293 722 644
WP 1
WF 0 707 12 594 -5345 5345 -4400 4400 8 ***NONODEPROTO*** entire
WC 0 4294967288 4294967266 112 715
WP 0
CI 3
CT mocmos
; ============= The body:
; KT k x y s w t Key 'k' typed at (x,y), special 's', window 'w', time 't'
; BP n x y s w t Button 'n' pressed at (x,y), special 's', window 'w', time 't'
; BD n x y s w t Button 'n' double-clicked at (x,y), special 's', window 'w', time 't'
; BR n x y s w t Button 'n' released at (x,y), special 's', window 'w', time 't'
; MP x y s w     Motion with button pressed at (x,y), special 's', window 'w'
; MR x y s w     Motion with button released at (x,y), special 's', window 'w'
; ME m i t       Invoked menu 'm', item 'i', time 't'
; WS n w h t     Window 'n' grows to (wXh), time 't'
; WM n x y t     Window 'n' moves to (x,y), time 't'
; FS path        File selected is 'path'
; PM v t         Popup menu selected 'v', time 't'
; DI w i         Item 'i' of dialog selected
; DS w i c vals  Dialog 'w' scroll item 'i' selects 'c' lines in 'values'
; DE w i hc s    Dialog 'w' edit item 'i' hit character 'hc', text now 's'
; DP w i e       Dialog 'w' popup item 'i' set to entry 'e'
; DC w i v       Dialog 'w' item 'i' set to value 'v'
; DM w x y       Dialog 'w' coordinates at (x,y)
; DD w           Dialog 'w' done
MR 473 504 0 1
MR 473 507 0 1
MR 474 508 0 1
MR 478 511 0 1
MR 479 513 0 1
MR 483 515 0 1
MR 499 518 0 1
MR 528 529 0 1
MR 570 546 0 1
MR 606 563 0 1
MR 635 577 0 1
MR 651 585 0 1
MR 662 592 0 1
MR 664 593 0 1
MR 665 594 0 1
